<?xml version="1.0" encoding="UTF-8"?>
<testng-results ignored="0" total="1" passed="1" failed="0" skipped="0">
  <reporter-output>
  </reporter-output>
  <suite started-at="2020-03-29T13:23:56 IST" name="Default suite" finished-at="2020-03-29T13:24:19 IST" duration-ms="22518">
    <groups>
    </groups>
    <test started-at="2020-03-29T13:23:56 IST" name="Default test" finished-at="2020-03-29T13:24:19 IST" duration-ms="22518">
      <class name="cts.miniproject.test.PageFactory_verifyLogin_KD">
        <test-method signature="checkValidUser()[pri:0, instance:cts.miniproject.test.PageFactory_verifyLogin_KD@65d6b83b]" started-at="2020-03-29T13:23:56 IST" name="checkValidUser" finished-at="2020-03-29T13:24:19 IST" duration-ms="22476" status="PASS">
          <reporter-output>
          </reporter-output>
        </test-method> <!-- checkValidUser -->
      </class> <!-- cts.miniproject.test.PageFactory_verifyLogin_KD -->
    </test> <!-- Default test -->
  </suite> <!-- Default suite -->
</testng-results>
