<?xml version="1.0" encoding="UTF-8"?>
<!-- Generated by org.testng.reporters.JUnitXMLReporter -->
<testsuite ignored="0" hostname="DESKTOP-953G68F" failures="0" tests="6" name="Test" time="0.09" errors="0" timestamp="2020-03-24T16:31:32 IST">
  <testcase classname="TestNG.Parallel" name="test3" time="0.014"/>
  <testcase classname="TestNG.Parallel" name="test2" time="0.013"/>
  <testcase classname="TestNG.Parallel" name="test1" time="0.013"/>
  <testcase classname="TestNG.Parallel2" name="test12" time="0.003"/>
  <testcase classname="TestNG.Parallel2" name="test11" time="0.01"/>
  <testcase classname="TestNG.Parallel2" name="test13" time="0.005"/>
</testsuite> <!-- Test -->
